<?xml version="1.0" encoding="UTF-8"?>
<testng-results ignored="0" total="7" passed="6" failed="1" skipped="0">
  <reporter-output>
    <line>
      <![CDATA[<a href="/Users/padmanabhadas/Downloads/Padmanabha Das.jpg" target="_blank">Screenshot link</a>]]>
    </line>
  </reporter-output>
  <suite started-at="2022-12-18T14:10:14 IST" name="Functional Suite" finished-at="2022-12-18T14:10:19 IST" duration-ms="5231">
    <groups>
      <group name="bvt">
        <method signature="TestCase3.fourthTest()[pri:4, instance:testcases.TestCase3@2a3b5b47]" name="fourthTest" class="testcases.TestCase3"/>
      </group> <!-- bvt -->
      <group name="functional">
        <method signature="TestCase1.doUserReg()[pri:1, instance:testcases.TestCase1@6b927fb]" name="doUserReg" class="testcases.TestCase1"/>
        <method signature="TestCase1.doLogin()[pri:2, instance:testcases.TestCase1@6b927fb]" name="doLogin" class="testcases.TestCase1"/>
        <method signature="TestCase3.doUserReg()[pri:1, instance:testcases.TestCase3@2a3b5b47]" name="doUserReg" class="testcases.TestCase3"/>
        <method signature="TestCase3.doLogin()[pri:2, instance:testcases.TestCase3@2a3b5b47]" name="doLogin" class="testcases.TestCase3"/>
        <method signature="TestCase3.thirdTest()[pri:3, instance:testcases.TestCase3@2a3b5b47]" name="thirdTest" class="testcases.TestCase3"/>
      </group> <!-- functional -->
      <group name="snoke">
        <method signature="TestCase3.doUserReg()[pri:1, instance:testcases.TestCase3@2a3b5b47]" name="doUserReg" class="testcases.TestCase3"/>
      </group> <!-- snoke -->
      <group name="smoke">
        <method signature="TestCase2.validateTitles()[pri:0, instance:testcases.TestCase2@74f0ea28]" name="validateTitles" class="testcases.TestCase2"/>
        <method signature="TestCase3.doLogin()[pri:2, instance:testcases.TestCase3@2a3b5b47]" name="doLogin" class="testcases.TestCase3"/>
        <method signature="TestCase3.thirdTest()[pri:3, instance:testcases.TestCase3@2a3b5b47]" name="thirdTest" class="testcases.TestCase3"/>
      </group> <!-- smoke -->
    </groups>
    <test started-at="2022-12-18T14:10:14 IST" name="Login Test" finished-at="2022-12-18T14:10:14 IST" duration-ms="66">
      <class name="testcases.TestCase1">
        <test-method is-config="true" signature="createDBConnection()[pri:0, instance:testcases.TestCase1@6b927fb]" started-at="2022-12-18T14:10:14 IST" name="createDBConnection" finished-at="2022-12-18T14:10:14 IST" duration-ms="2" status="PASS">
          <reporter-output>
          </reporter-output>
        </test-method> <!-- createDBConnection -->
        <test-method is-config="true" signature="setUp()[pri:0, instance:testcases.TestCase1@6b927fb]" started-at="2022-12-18T14:10:14 IST" name="setUp" finished-at="2022-12-18T14:10:14 IST" duration-ms="2" status="PASS">
          <reporter-output>
          </reporter-output>
        </test-method> <!-- setUp -->
        <test-method is-config="true" signature="launchBrowser()[pri:0, instance:testcases.TestCase1@6b927fb]" started-at="2022-12-18T14:10:14 IST" name="launchBrowser" finished-at="2022-12-18T14:10:14 IST" duration-ms="4" status="PASS">
          <reporter-output>
          </reporter-output>
        </test-method> <!-- launchBrowser -->
        <test-method signature="doUserReg()[pri:1, instance:testcases.TestCase1@6b927fb]" started-at="2022-12-18T14:10:14 IST" name="doUserReg" finished-at="2022-12-18T14:10:14 IST" duration-ms="11" status="PASS">
          <reporter-output>
          </reporter-output>
        </test-method> <!-- doUserReg -->
        <test-method is-config="true" signature="closeBrowser()[pri:0, instance:testcases.TestCase1@6b927fb]" started-at="2022-12-18T14:10:14 IST" name="closeBrowser" finished-at="2022-12-18T14:10:14 IST" duration-ms="1" status="PASS">
          <reporter-output>
          </reporter-output>
        </test-method> <!-- closeBrowser -->
        <test-method is-config="true" signature="tearDown()[pri:0, instance:testcases.TestCase1@6b927fb]" started-at="2022-12-18T14:10:14 IST" name="tearDown" finished-at="2022-12-18T14:10:14 IST" duration-ms="1" status="PASS">
          <reporter-output>
          </reporter-output>
        </test-method> <!-- tearDown -->
        <test-method is-config="true" signature="launchBrowser()[pri:0, instance:testcases.TestCase1@6b927fb]" started-at="2022-12-18T14:10:14 IST" name="launchBrowser" finished-at="2022-12-18T14:10:14 IST" duration-ms="1" status="PASS">
          <reporter-output>
          </reporter-output>
        </test-method> <!-- launchBrowser -->
        <test-method is-config="true" signature="setUp()[pri:0, instance:testcases.TestCase1@6b927fb]" started-at="2022-12-18T14:10:14 IST" name="setUp" finished-at="2022-12-18T14:10:14 IST" duration-ms="0" status="PASS">
          <reporter-output>
          </reporter-output>
        </test-method> <!-- setUp -->
        <test-method signature="doLogin()[pri:2, instance:testcases.TestCase1@6b927fb]" started-at="2022-12-18T14:10:14 IST" name="doLogin" finished-at="2022-12-18T14:10:14 IST" duration-ms="1" status="PASS">
          <reporter-output>
          </reporter-output>
        </test-method> <!-- doLogin -->
        <test-method is-config="true" signature="closeBrowser()[pri:0, instance:testcases.TestCase1@6b927fb]" started-at="2022-12-18T14:10:14 IST" name="closeBrowser" finished-at="2022-12-18T14:10:14 IST" duration-ms="1" status="PASS">
          <reporter-output>
          </reporter-output>
        </test-method> <!-- closeBrowser -->
        <test-method is-config="true" signature="tearDown()[pri:0, instance:testcases.TestCase1@6b927fb]" started-at="2022-12-18T14:10:14 IST" name="tearDown" finished-at="2022-12-18T14:10:14 IST" duration-ms="1" status="PASS">
          <reporter-output>
          </reporter-output>
        </test-method> <!-- tearDown -->
        <test-method is-config="true" signature="closeDBConnection()[pri:0, instance:testcases.TestCase1@6b927fb]" started-at="2022-12-18T14:10:14 IST" name="closeDBConnection" finished-at="2022-12-18T14:10:14 IST" duration-ms="0" status="PASS">
          <reporter-output>
          </reporter-output>
        </test-method> <!-- closeDBConnection -->
      </class> <!-- testcases.TestCase1 -->
    </test> <!-- Login Test -->
    <test started-at="2022-12-18T14:10:19 IST" name="Validate Title Test" finished-at="2022-12-18T14:10:19 IST" duration-ms="34">
      <class name="testcases.TestCase2">
        <test-method is-config="true" signature="setUp()[pri:0, instance:testcases.TestCase2@74f0ea28]" started-at="2022-12-18T14:10:19 IST" name="setUp" finished-at="2022-12-18T14:10:19 IST" duration-ms="1" status="PASS">
          <reporter-output>
          </reporter-output>
        </test-method> <!-- setUp -->
        <test-method signature="validateTitles()[pri:0, instance:testcases.TestCase2@74f0ea28]" started-at="2022-12-18T14:10:19 IST" name="validateTitles" finished-at="2022-12-18T14:10:19 IST" duration-ms="10" status="FAIL">
          <exception class="java.lang.AssertionError">
            <message>
              <![CDATA[expected:<Gmail.com> but was:<Yahoo.com>]]>
            </message>
            <full-stacktrace>
              <![CDATA[java.lang.AssertionError: expected:<Gmail.com> but was:<Yahoo.com>
at org.testng.AssertJUnit.assertEquals(AssertJUnit.java:115)
at org.testng.AssertJUnit.assertEquals(AssertJUnit.java:125)
at testcases.TestCase2.validateTitles(TestCase2.java:18)
at java.base/jdk.internal.reflect.DirectMethodHandleAccessor.invoke(DirectMethodHandleAccessor.java:104)
at java.base/java.lang.reflect.Method.invoke(Method.java:577)
at org.testng.internal.invokers.MethodInvocationHelper.invokeMethod(MethodInvocationHelper.java:139)
at org.testng.internal.invokers.TestInvoker.invokeMethod(TestInvoker.java:677)
at org.testng.internal.invokers.TestInvoker.invokeTestMethod(TestInvoker.java:221)
at org.testng.internal.invokers.MethodRunner.runInSequence(MethodRunner.java:50)
at org.testng.internal.invokers.TestInvoker$MethodInvocationAgent.invoke(TestInvoker.java:969)
at org.testng.internal.invokers.TestInvoker.invokeTestMethods(TestInvoker.java:194)
at org.testng.internal.invokers.TestMethodWorker.invokeTestMethods(TestMethodWorker.java:148)
at org.testng.internal.invokers.TestMethodWorker.run(TestMethodWorker.java:128)
at java.base/java.util.ArrayList.forEach(ArrayList.java:1511)
at org.testng.TestRunner.privateRun(TestRunner.java:829)
at org.testng.TestRunner.run(TestRunner.java:602)
at org.testng.SuiteRunner.runTest(SuiteRunner.java:437)
at org.testng.SuiteRunner.runSequentially(SuiteRunner.java:431)
at org.testng.SuiteRunner.privateRun(SuiteRunner.java:391)
at org.testng.SuiteRunner.run(SuiteRunner.java:330)
at org.testng.SuiteRunnerWorker.runSuite(SuiteRunnerWorker.java:52)
at org.testng.SuiteRunnerWorker.run(SuiteRunnerWorker.java:95)
at org.testng.TestNG.runSuitesSequentially(TestNG.java:1256)
at org.testng.TestNG.runSuitesLocally(TestNG.java:1176)
at org.testng.TestNG.runSuites(TestNG.java:1099)
at org.testng.TestNG.run(TestNG.java:1067)
at org.testng.remote.AbstractRemoteTestNG.run(AbstractRemoteTestNG.java:115)
at org.testng.remote.RemoteTestNG.initAndRun(RemoteTestNG.java:251)
at org.testng.remote.RemoteTestNG.main(RemoteTestNG.java:77)
]]>
            </full-stacktrace>
          </exception> <!-- java.lang.AssertionError -->
          <reporter-output>
            <line>
              <![CDATA[<a href="/Users/padmanabhadas/Downloads/Padmanabha Das.jpg" target="_blank">Screenshot link</a>]]>
            </line>
          </reporter-output>
        </test-method> <!-- validateTitles -->
        <test-method is-config="true" signature="tearDown()[pri:0, instance:testcases.TestCase2@74f0ea28]" started-at="2022-12-18T14:10:19 IST" name="tearDown" finished-at="2022-12-18T14:10:19 IST" duration-ms="0" status="PASS">
          <reporter-output>
          </reporter-output>
        </test-method> <!-- tearDown -->
      </class> <!-- testcases.TestCase2 -->
    </test> <!-- Validate Title Test -->
    <test started-at="2022-12-18T14:10:19 IST" name="Dependency Test" finished-at="2022-12-18T14:10:19 IST" duration-ms="41">
      <class name="testcases.TestCase3">
        <test-method is-config="true" signature="setUp()[pri:0, instance:testcases.TestCase3@2a3b5b47]" started-at="2022-12-18T14:10:19 IST" name="setUp" finished-at="2022-12-18T14:10:19 IST" duration-ms="1" status="PASS">
          <reporter-output>
          </reporter-output>
        </test-method> <!-- setUp -->
        <test-method signature="doUserReg()[pri:1, instance:testcases.TestCase3@2a3b5b47]" started-at="2022-12-18T14:10:19 IST" name="doUserReg" finished-at="2022-12-18T14:10:19 IST" duration-ms="2" status="PASS">
          <reporter-output>
          </reporter-output>
        </test-method> <!-- doUserReg -->
        <test-method is-config="true" signature="tearDown()[pri:0, instance:testcases.TestCase3@2a3b5b47]" started-at="2022-12-18T14:10:19 IST" name="tearDown" finished-at="2022-12-18T14:10:19 IST" duration-ms="0" status="PASS">
          <reporter-output>
          </reporter-output>
        </test-method> <!-- tearDown -->
        <test-method is-config="true" signature="setUp()[pri:0, instance:testcases.TestCase3@2a3b5b47]" started-at="2022-12-18T14:10:19 IST" name="setUp" finished-at="2022-12-18T14:10:19 IST" duration-ms="1" status="PASS">
          <reporter-output>
          </reporter-output>
        </test-method> <!-- setUp -->
        <test-method signature="doLogin()[pri:2, instance:testcases.TestCase3@2a3b5b47]" started-at="2022-12-18T14:10:19 IST" name="doLogin" finished-at="2022-12-18T14:10:19 IST" depends-on-methods="testcases.TestCase3.doUserReg" duration-ms="3" status="PASS">
          <reporter-output>
          </reporter-output>
        </test-method> <!-- doLogin -->
        <test-method is-config="true" signature="tearDown()[pri:0, instance:testcases.TestCase3@2a3b5b47]" started-at="2022-12-18T14:10:19 IST" name="tearDown" finished-at="2022-12-18T14:10:19 IST" duration-ms="1" status="PASS">
          <reporter-output>
          </reporter-output>
        </test-method> <!-- tearDown -->
        <test-method is-config="true" signature="setUp()[pri:0, instance:testcases.TestCase3@2a3b5b47]" started-at="2022-12-18T14:10:19 IST" name="setUp" finished-at="2022-12-18T14:10:19 IST" duration-ms="2" status="PASS">
          <reporter-output>
          </reporter-output>
        </test-method> <!-- setUp -->
        <test-method signature="thirdTest()[pri:3, instance:testcases.TestCase3@2a3b5b47]" started-at="2022-12-18T14:10:19 IST" name="thirdTest" finished-at="2022-12-18T14:10:19 IST" duration-ms="3" status="PASS">
          <reporter-output>
          </reporter-output>
        </test-method> <!-- thirdTest -->
        <test-method is-config="true" signature="tearDown()[pri:0, instance:testcases.TestCase3@2a3b5b47]" started-at="2022-12-18T14:10:19 IST" name="tearDown" finished-at="2022-12-18T14:10:19 IST" duration-ms="1" status="PASS">
          <reporter-output>
          </reporter-output>
        </test-method> <!-- tearDown -->
        <test-method signature="fourthTest()[pri:4, instance:testcases.TestCase3@2a3b5b47]" started-at="2022-12-18T14:10:19 IST" name="fourthTest" finished-at="2022-12-18T14:10:19 IST" duration-ms="4" status="PASS">
          <reporter-output>
          </reporter-output>
        </test-method> <!-- fourthTest -->
        <test-method is-config="true" signature="setUp()[pri:0, instance:testcases.TestCase3@2a3b5b47]" started-at="2022-12-18T14:10:19 IST" name="setUp" finished-at="2022-12-18T14:10:19 IST" duration-ms="0" status="PASS">
          <reporter-output>
          </reporter-output>
        </test-method> <!-- setUp -->
        <test-method is-config="true" signature="tearDown()[pri:0, instance:testcases.TestCase3@2a3b5b47]" started-at="2022-12-18T14:10:19 IST" name="tearDown" finished-at="2022-12-18T14:10:19 IST" duration-ms="1" status="PASS">
          <reporter-output>
          </reporter-output>
        </test-method> <!-- tearDown -->
      </class> <!-- testcases.TestCase3 -->
    </test> <!-- Dependency Test -->
    <test started-at="2022-12-18T14:10:19 IST" name="Failure Test" finished-at="2022-12-18T14:10:19 IST" duration-ms="1">
      <class name="testcases.TestFailure">
        <test-method is-config="true" signature="setUp()[pri:0, instance:testcases.TestFailure@145f66e3]" started-at="2022-12-18T14:10:14 IST" name="setUp" finished-at="2022-12-18T14:10:14 IST" duration-ms="13" status="PASS">
          <reporter-output>
          </reporter-output>
        </test-method> <!-- setUp -->
        <test-method is-config="true" signature="tearDown()[pri:0, instance:testcases.TestFailure@145f66e3]" started-at="2022-12-18T14:10:19 IST" name="tearDown" finished-at="2022-12-18T14:10:19 IST" duration-ms="1" status="PASS">
          <reporter-output>
          </reporter-output>
        </test-method> <!-- tearDown -->
      </class> <!-- testcases.TestFailure -->
    </test> <!-- Failure Test -->
  </suite> <!-- Functional Suite -->
</testng-results>
